<?xml version="1.0" encoding="UTF-8"?>
<!-- Generated by org.testng.reporters.JUnitReportReporter -->
<testsuite skipped="0" hostname="Sony-PC" name="testclasses.Verify_Amazon_Login" tests="1" failures="0" timestamp="21 May 2017 07:44:06 GMT" time="0.067" errors="0">
  <testcase name="Verify_HomePage_Grids" time="0.067" classname="testclasses.Verify_Amazon_Login"/>
</testsuite> <!-- testclasses.Verify_Amazon_Login -->
